[2021-07-09 11:11:04.765] INFO [restartedMain] StartupInfoLogger.java:55 - Starting BookManagementApplication using Java 1.8.0_241 on sunyundeMacBook-Pro.local with PID 40725 (/Users/sunyun/Documents/JavaProjects/learningVue/book-management/target/classes started by sunyun in /Users/sunyun/Documents/JavaProjects/learningVue)
[2021-07-09 11:11:04.776] INFO [restartedMain] SpringApplication.java:660 - No active profile set, falling back to default profiles: default
[2021-07-09 11:11:05.088] INFO [restartedMain] DeferredLog.java:255 - Devtools property defaults active! Set 'spring.devtools.add-properties' to 'false' to disable
[2021-07-09 11:11:05.090] INFO [restartedMain] DeferredLog.java:255 - For additional web related logging consider setting the 'logging.level.web' property to 'DEBUG'
[2021-07-09 11:11:07.624] INFO [restartedMain] TomcatWebServer.java:108 - Tomcat initialized with port(s): 8989 (http)
[2021-07-09 11:11:07.639] INFO [restartedMain] DirectJDKLog.java:173 - Initializing ProtocolHandler ["http-nio-8989"]
[2021-07-09 11:11:07.641] INFO [restartedMain] DirectJDKLog.java:173 - Starting service [Tomcat]
[2021-07-09 11:11:07.642] INFO [restartedMain] DirectJDKLog.java:173 - Starting Servlet engine: [Apache Tomcat/9.0.39]
[2021-07-09 11:11:07.756] INFO [restartedMain] DirectJDKLog.java:173 - Initializing Spring embedded WebApplicationContext
[2021-07-09 11:11:07.757] INFO [restartedMain] ServletWebServerApplicationContext.java:289 - Root WebApplicationContext: initialization completed in 2664 ms
[2021-07-09 11:11:08.615] INFO [restartedMain] ExecutorConfigurationSupport.java:181 - Initializing ExecutorService 'applicationTaskExecutor'
[2021-07-09 11:11:08.775] INFO [restartedMain] WelcomePageHandlerMapping.java:54 - Adding welcome page: class path resource [static/index.html]
[2021-07-09 11:11:09.202] INFO [restartedMain] OptionalLiveReloadServer.java:58 - LiveReload server is running on port 35729
[2021-07-09 11:11:09.290] INFO [restartedMain] DirectJDKLog.java:173 - Starting ProtocolHandler ["http-nio-8989"]
[2021-07-09 11:11:09.432] INFO [restartedMain] TomcatWebServer.java:220 - Tomcat started on port(s): 8989 (http) with context path ''
[2021-07-09 11:11:09.464] INFO [restartedMain] StartupInfoLogger.java:61 - Started BookManagementApplication in 5.858 seconds (JVM running for 7.497)
[2021-07-09 11:11:35.011] INFO [http-nio-8989-exec-1] DirectJDKLog.java:173 - Initializing Spring DispatcherServlet 'dispatcherServlet'
[2021-07-09 11:11:35.013] INFO [http-nio-8989-exec-1] FrameworkServlet.java:525 - Initializing Servlet 'dispatcherServlet'
[2021-07-09 11:11:35.018] INFO [http-nio-8989-exec-1] FrameworkServlet.java:547 - Completed initialization in 4 ms
[2021-07-09 11:11:35.600] INFO [http-nio-8989-exec-6] HikariDataSource.java:110 - HikariPool-1 - Starting...
[2021-07-09 11:11:36.199] INFO [http-nio-8989-exec-6] HikariDataSource.java:123 - HikariPool-1 - Start completed.
