[2021-07-09 11:17:37.331] INFO [restartedMain] StartupInfoLogger.java:55 - Starting BookManagementApplication using Java 1.8.0_241 on sunyundeMacBook-Pro.local with PID 43895 (/Users/sunyun/Documents/JavaProjects/learningVue/book-management/target/classes started by sunyun in /Users/sunyun/Documents/JavaProjects/learningVue)
[2021-07-09 11:17:37.336] INFO [restartedMain] SpringApplication.java:660 - No active profile set, falling back to default profiles: default
[2021-07-09 11:17:37.546] INFO [restartedMain] DeferredLog.java:255 - Devtools property defaults active! Set 'spring.devtools.add-properties' to 'false' to disable
[2021-07-09 11:17:37.547] INFO [restartedMain] DeferredLog.java:255 - For additional web related logging consider setting the 'logging.level.web' property to 'DEBUG'
[2021-07-09 11:17:39.431] INFO [restartedMain] TomcatWebServer.java:108 - Tomcat initialized with port(s): 8989 (http)
[2021-07-09 11:17:39.444] INFO [restartedMain] DirectJDKLog.java:173 - Initializing ProtocolHandler ["http-nio-8989"]
[2021-07-09 11:17:39.446] INFO [restartedMain] DirectJDKLog.java:173 - Starting service [Tomcat]
[2021-07-09 11:17:39.447] INFO [restartedMain] DirectJDKLog.java:173 - Starting Servlet engine: [Apache Tomcat/9.0.39]
[2021-07-09 11:17:39.511] INFO [restartedMain] DirectJDKLog.java:173 - Initializing Spring embedded WebApplicationContext
[2021-07-09 11:17:39.511] INFO [restartedMain] ServletWebServerApplicationContext.java:289 - Root WebApplicationContext: initialization completed in 1961 ms
[2021-07-09 11:17:39.989] INFO [restartedMain] ExecutorConfigurationSupport.java:181 - Initializing ExecutorService 'applicationTaskExecutor'
[2021-07-09 11:17:40.064] INFO [restartedMain] WelcomePageHandlerMapping.java:54 - Adding welcome page: class path resource [static/index.html]
[2021-07-09 11:17:40.286] INFO [restartedMain] OptionalLiveReloadServer.java:58 - LiveReload server is running on port 35729
[2021-07-09 11:17:40.327] INFO [restartedMain] DirectJDKLog.java:173 - Starting ProtocolHandler ["http-nio-8989"]
[2021-07-09 11:17:40.363] INFO [restartedMain] TomcatWebServer.java:220 - Tomcat started on port(s): 8989 (http) with context path ''
[2021-07-09 11:17:40.377] INFO [restartedMain] StartupInfoLogger.java:61 - Started BookManagementApplication in 3.637 seconds (JVM running for 4.504)
[2021-07-09 11:17:50.045] INFO [http-nio-8989-exec-1] DirectJDKLog.java:173 - Initializing Spring DispatcherServlet 'dispatcherServlet'
[2021-07-09 11:17:50.046] INFO [http-nio-8989-exec-1] FrameworkServlet.java:525 - Initializing Servlet 'dispatcherServlet'
[2021-07-09 11:17:50.049] INFO [http-nio-8989-exec-1] FrameworkServlet.java:547 - Completed initialization in 2 ms
[2021-07-09 11:17:50.426] INFO [http-nio-8989-exec-6] HikariDataSource.java:110 - HikariPool-1 - Starting...
[2021-07-09 11:17:50.738] INFO [http-nio-8989-exec-6] HikariDataSource.java:123 - HikariPool-1 - Start completed.
[2021-07-09 11:18:57.810] INFO [http-nio-8989-exec-6] BookController.java:28 - 添加成功
